{
  "RSpec": {
    "coverage": {
      "/Users/bencornelis/Desktop/csv_firebase_v2/spec/controllers/uploads_controller_spec.rb": [
        1,
        null,
        1,
        1,
        6,
        null,
        null,
        null,
        null,
        null,
        1,
        3,
        null,
        null,
        null,
        null,
        null,
        1,
        1,
        1,
        1,
        null,
        null,
        null,
        1,
        1,
        1,
        1,
        null,
        1,
        1,
        null,
        null,
        null,
        null,
        null,
        null,
        1,
        1,
        1,
        null,
        1,
        1,
        null,
        null,
        null,
        null,
        null,
        null,
        1,
        1,
        1,
        1,
        1,
        null,
        1,
        null,
        null,
        null,
        1,
        1,
        1,
        1,
        null,
        null,
        null,
        null,
        1,
        1,
        1,
        null,
        1,
        1,
        null,
        null,
        null,
        null,
        1,
        1,
        1,
        1,
        null,
        1,
        1,
        null,
        null,
        null,
        1,
        1,
        1,
        1,
        null,
        null,
        null,
        null,
        null,
        1,
        1,
        1,
        1,
        null,
        1,
        1,
        null,
        null,
        null,
        1,
        1,
        1,
        1,
        null,
        null,
        null,
        null,
        null,
        null
      ],
      "/Users/bencornelis/Desktop/csv_firebase_v2/spec/rails_helper.rb": [
        null,
        1,
        1,
        null,
        1,
        1,
        1,
        1,
        1,
        1,
        1,
        null,
        null,
        null,
        null,
        null,
        null,
        null,
        null,
        null,
        null,
        null,
        null,
        null,
        null,
        null,
        null,
        null,
        null,
        null,
        null,
        1,
        null,
        1,
        1,
        null,
        null,
        1,
        null,
        null,
        null,
        null,
        null,
        null,
        1,
        1,
        null,
        null,
        1,
        24,
        null,
        null,
        1,
        1,
        null,
        null,
        1,
        24,
        null,
        null,
        1,
        24,
        null,
        null,
        null,
        null,
        null,
        null,
        null,
        null,
        null,
        null,
        null,
        null,
        null,
        null,
        null,
        1,
        null
      ],
      "/Users/bencornelis/Desktop/csv_firebase_v2/config/environment.rb": [
        null,
        1,
        null,
        null,
        1
      ],
      "/Users/bencornelis/Desktop/csv_firebase_v2/config/application.rb": [
        1,
        null,
        1,
        null,
        1,
        1,
        1,
        1,
        1,
        1,
        1,
        null,
        null,
        null,
        null,
        1,
        null,
        1,
        1,
        null,
        null,
        null,
        null,
        null,
        null,
        null,
        null,
        null,
        null,
        null,
        null,
        null,
        1,
        null,
        null
      ],
      "/Users/bencornelis/Desktop/csv_firebase_v2/config/boot.rb": [
        1,
        null,
        1
      ],
      "/Users/bencornelis/Desktop/csv_firebase_v2/config/environments/test.rb": [
        1,
        null,
        null,
        null,
        null,
        null,
        null,
        1,
        null,
        null,
        null,
        null,
        1,
        null,
        null,
        1,
        1,
        null,
        null,
        1,
        1,
        null,
        null,
        1,
        null,
        null,
        1,
        null,
        null,
        null,
        null,
        1,
        null,
        null,
        1,
        null,
        null,
        1,
        null,
        null,
        null,
        null
      ],
      "/Users/bencornelis/Desktop/csv_firebase_v2/config/initializers/assets.rb": [
        null,
        null,
        null,
        1,
        null,
        null,
        null,
        null,
        null,
        null,
        null
      ],
      "/Users/bencornelis/Desktop/csv_firebase_v2/config/initializers/backtrace_silencers.rb": [
        null,
        null,
        null,
        null,
        null,
        null,
        null
      ],
      "/Users/bencornelis/Desktop/csv_firebase_v2/config/initializers/cookies_serializer.rb": [
        null,
        null,
        1
      ],
      "/Users/bencornelis/Desktop/csv_firebase_v2/config/initializers/filter_parameter_logging.rb": [
        null,
        null,
        null,
        1
      ],
      "/Users/bencornelis/Desktop/csv_firebase_v2/config/initializers/inflections.rb": [
        null,
        null,
        null,
        null,
        null,
        null,
        null,
        null,
        null,
        null,
        null,
        null,
        null,
        null,
        null,
        null
      ],
      "/Users/bencornelis/Desktop/csv_firebase_v2/config/initializers/mime_types.rb": [
        null,
        null,
        null,
        null
      ],
      "/Users/bencornelis/Desktop/csv_firebase_v2/config/initializers/session_store.rb": [
        null,
        null,
        1
      ],
      "/Users/bencornelis/Desktop/csv_firebase_v2/config/initializers/wrap_parameters.rb": [
        null,
        null,
        null,
        null,
        null,
        null,
        1,
        1,
        null,
        null,
        null,
        null,
        null,
        null
      ],
      "/Users/bencornelis/Desktop/csv_firebase_v2/config/routes.rb": [
        1,
        1,
        1,
        null,
        1,
        null
      ],
      "/Users/bencornelis/Desktop/csv_firebase_v2/app/helpers/application_helper.rb": [
        1,
        null
      ],
      "/Users/bencornelis/Desktop/csv_firebase_v2/spec/support/vcr_config.rb": [
        1,
        1,
        1,
        1,
        null
      ],
      "/Users/bencornelis/Desktop/csv_firebase_v2/app/controllers/uploads_controller.rb": [
        1,
        1,
        null,
        null,
        1,
        3,
        null,
        3,
        1,
        null,
        2,
        null,
        null,
        null,
        1,
        8,
        null,
        8,
        null,
        null,
        null,
        null,
        null,
        8,
        4,
        null,
        4,
        4,
        null,
        null,
        null,
        1,
        null,
        1,
        11,
        null,
        null,
        1,
        11,
        null,
        null,
        1,
        16,
        null,
        null,
        1,
        null,
        null,
        null,
        null,
        8,
        null,
        null
      ],
      "/Users/bencornelis/Desktop/csv_firebase_v2/app/controllers/application_controller.rb": [
        1,
        null,
        null,
        1,
        null
      ],
      "/Users/bencornelis/Desktop/csv_firebase_v2/spec/features/uploads_pages_spec.rb": [
        1,
        null,
        null,
        1,
        null,
        1,
        null,
        null,
        null,
        null,
        null,
        1,
        null,
        1,
        null,
        null,
        null,
        null,
        null,
        null,
        1,
        1,
        1,
        1,
        1,
        1,
        1,
        null,
        null,
        1,
        1,
        1,
        null,
        1,
        null,
        1,
        null,
        null,
        null,
        null
      ],
      "/Users/bencornelis/Desktop/csv_firebase_v2/spec/models/upload_spec.rb": [
        1,
        null,
        1,
        2,
        2,
        2,
        2,
        null,
        1,
        1,
        null,
        null,
        null,
        null,
        null,
        null,
        1,
        1,
        null,
        null
      ],
      "/Users/bencornelis/Desktop/csv_firebase_v2/app/models/upload.rb": [
        1,
        1,
        1,
        1,
        1,
        null,
        1,
        1,
        null,
        1,
        1,
        5,
        null,
        null,
        1,
        5,
        null,
        null
      ],
      "/Users/bencornelis/Desktop/csv_firebase_v2/spec/services/file_converter_spec.rb": [
        1,
        null,
        1,
        1,
        2,
        null,
        null,
        null,
        null,
        null,
        1,
        2,
        null,
        null,
        1,
        2,
        null,
        null,
        1,
        1,
        1,
        null,
        null,
        null,
        1,
        1,
        1,
        null,
        null,
        null,
        null,
        null,
        null,
        null,
        null,
        null,
        null,
        null,
        null,
        null,
        null,
        null,
        null,
        1,
        1,
        1,
        null,
        null,
        null,
        null,
        null,
        null
      ],
      "/Users/bencornelis/Desktop/csv_firebase_v2/app/services/file_converter.rb": [
        1,
        1,
        14,
        13,
        null,
        null,
        1,
        9,
        27,
        null,
        null,
        null,
        1,
        null,
        null,
        null,
        4,
        null,
        null,
        1,
        null,
        1,
        null,
        1,
        31,
        null,
        null,
        1,
        13,
        null,
        null
      ],
      "/Users/bencornelis/Desktop/csv_firebase_v2/spec/services/file_opener_spec.rb": [
        1,
        null,
        1,
        1,
        1,
        null,
        null,
        null,
        null,
        null,
        1,
        1,
        null,
        null,
        null,
        null,
        null,
        1,
        1,
        null,
        null,
        1,
        1,
        null,
        null,
        1,
        1,
        1,
        1,
        1,
        null,
        null,
        null,
        1,
        1,
        1,
        1,
        null,
        null,
        null,
        null,
        null
      ],
      "/Users/bencornelis/Desktop/csv_firebase_v2/app/services/file_opener.rb": [
        1,
        1,
        15,
        null,
        null,
        1,
        16,
        15,
        0,
        0,
        null,
        1,
        null,
        null,
        null,
        1,
        null,
        1,
        null,
        1,
        17,
        null,
        null
      ],
      "/Users/bencornelis/Desktop/csv_firebase_v2/spec/services/firebase_sender_spec.rb": [
        1,
        null,
        1,
        1,
        null,
        null,
        null,
        null,
        2,
        null,
        null,
        null,
        null,
        null,
        null,
        null,
        null,
        null,
        null,
        null,
        1,
        null,
        null,
        null,
        null,
        1,
        null,
        null,
        null,
        null,
        null,
        null,
        null,
        1,
        null,
        null,
        null,
        null,
        2,
        null,
        null,
        1,
        null,
        null,
        null,
        null,
        1,
        null,
        null,
        1,
        1,
        1,
        1,
        null,
        null,
        null,
        null,
        null,
        1,
        1,
        1,
        1,
        null,
        1,
        null,
        null,
        null,
        null,
        1,
        1,
        1,
        1,
        null,
        1,
        null,
        null,
        null,
        null,
        null
      ],
      "/Users/bencornelis/Desktop/csv_firebase_v2/app/services/firebase_sender.rb": [
        1,
        1,
        11,
        11,
        11,
        null,
        null,
        1,
        11,
        null,
        11,
        null,
        null,
        1,
        null,
        1,
        null
      ]
    },
    "timestamp": 1445903823
  }
}
